0 info it worked if it ends with ok
1 verbose cli [ 'node', '/usr/local/bin/npm', 'install' ]
2 info using npm@1.4.28
3 info using node@v0.10.33
4 warn package.json Leander's-portfolio@1.0.0 No repository field.
5 warn package.json Leander's-portfolio@1.0.0 No README data
6 verbose readDependencies using package.json deps
7 verbose install where, deps [ '/Users/leander/Google Drive/2 Verdieping 1/4 Korte Stage/Taartenwinkel.nl/Online Offerte/Online Offerte Website N 0.4',
7 verbose install   [ 'body-parser',
7 verbose install     'ejs',
7 verbose install     'express',
7 verbose install     'json-query',
7 verbose install     'multer',
7 verbose install     'session-file-store' ] ]
8 info preinstall Leander's-portfolio@1.0.0
9 verbose readDependencies using package.json deps
10 verbose cache add [ 'json-query@^1.5.0', null ]
11 verbose cache add name=undefined spec="json-query@^1.5.0" args=["json-query@^1.5.0",null]
12 verbose parsed url { protocol: null,
12 verbose parsed url   slashes: null,
12 verbose parsed url   auth: null,
12 verbose parsed url   host: null,
12 verbose parsed url   port: null,
12 verbose parsed url   hostname: null,
12 verbose parsed url   hash: null,
12 verbose parsed url   search: null,
12 verbose parsed url   query: null,
12 verbose parsed url   pathname: 'json-query@^1.5.0',
12 verbose parsed url   path: 'json-query@^1.5.0',
12 verbose parsed url   href: 'json-query@^1.5.0' }
13 verbose cache add [ 'multer@^0.1.8', null ]
14 verbose cache add name=undefined spec="multer@^0.1.8" args=["multer@^0.1.8",null]
15 verbose parsed url { protocol: null,
15 verbose parsed url   slashes: null,
15 verbose parsed url   auth: null,
15 verbose parsed url   host: null,
15 verbose parsed url   port: null,
15 verbose parsed url   hostname: null,
15 verbose parsed url   hash: null,
15 verbose parsed url   search: null,
15 verbose parsed url   query: null,
15 verbose parsed url   pathname: 'multer@^0.1.8',
15 verbose parsed url   path: 'multer@^0.1.8',
15 verbose parsed url   href: 'multer@^0.1.8' }
16 verbose cache add [ 'session-file-store@0.0.13', null ]
17 verbose cache add name=undefined spec="session-file-store@0.0.13" args=["session-file-store@0.0.13",null]
18 verbose parsed url { protocol: null,
18 verbose parsed url   slashes: null,
18 verbose parsed url   auth: null,
18 verbose parsed url   host: null,
18 verbose parsed url   port: null,
18 verbose parsed url   hostname: null,
18 verbose parsed url   hash: null,
18 verbose parsed url   search: null,
18 verbose parsed url   query: null,
18 verbose parsed url   pathname: 'session-file-store@0.0.13',
18 verbose parsed url   path: 'session-file-store@0.0.13',
18 verbose parsed url   href: 'session-file-store@0.0.13' }
19 verbose cache add name="json-query" spec="^1.5.0" args=["json-query","^1.5.0"]
20 verbose parsed url { protocol: null,
20 verbose parsed url   slashes: null,
20 verbose parsed url   auth: null,
20 verbose parsed url   host: null,
20 verbose parsed url   port: null,
20 verbose parsed url   hostname: null,
20 verbose parsed url   hash: null,
20 verbose parsed url   search: null,
20 verbose parsed url   query: null,
20 verbose parsed url   pathname: '^1.5.0',
20 verbose parsed url   path: '^1.5.0',
20 verbose parsed url   href: '^1.5.0' }
21 verbose addNamed [ 'json-query', '^1.5.0' ]
22 verbose addNamed [ null, '>=1.5.0-0 <2.0.0-0' ]
23 verbose cache add name="multer" spec="^0.1.8" args=["multer","^0.1.8"]
24 verbose parsed url { protocol: null,
24 verbose parsed url   slashes: null,
24 verbose parsed url   auth: null,
24 verbose parsed url   host: null,
24 verbose parsed url   port: null,
24 verbose parsed url   hostname: null,
24 verbose parsed url   hash: null,
24 verbose parsed url   search: null,
24 verbose parsed url   query: null,
24 verbose parsed url   pathname: '^0.1.8',
24 verbose parsed url   path: '^0.1.8',
24 verbose parsed url   href: '^0.1.8' }
25 verbose addNamed [ 'multer', '^0.1.8' ]
26 verbose addNamed [ null, '>=0.1.8-0 <0.2.0-0' ]
27 verbose cache add [ 'body-parser@~1.13.0', null ]
28 verbose cache add name=undefined spec="body-parser@~1.13.0" args=["body-parser@~1.13.0",null]
29 verbose parsed url { protocol: null,
29 verbose parsed url   slashes: null,
29 verbose parsed url   auth: null,
29 verbose parsed url   host: null,
29 verbose parsed url   port: null,
29 verbose parsed url   hostname: null,
29 verbose parsed url   hash: null,
29 verbose parsed url   search: null,
29 verbose parsed url   query: null,
29 verbose parsed url   pathname: 'body-parser@~1.13.0',
29 verbose parsed url   path: 'body-parser@~1.13.0',
29 verbose parsed url   href: 'body-parser@~1.13.0' }
30 verbose cache add name="session-file-store" spec="0.0.13" args=["session-file-store","0.0.13"]
31 verbose parsed url { protocol: null,
31 verbose parsed url   slashes: null,
31 verbose parsed url   auth: null,
31 verbose parsed url   host: null,
31 verbose parsed url   port: null,
31 verbose parsed url   hostname: null,
31 verbose parsed url   hash: null,
31 verbose parsed url   search: null,
31 verbose parsed url   query: null,
31 verbose parsed url   pathname: '0.0.13',
31 verbose parsed url   path: '0.0.13',
31 verbose parsed url   href: '0.0.13' }
32 verbose addNamed [ 'session-file-store', '0.0.13' ]
33 verbose addNamed [ '0.0.13', '0.0.13' ]
34 silly lockFile 4aab77c3-json-query-1-5-0 json-query@^1.5.0
35 verbose lock json-query@^1.5.0 /Users/leander/.npm/4aab77c3-json-query-1-5-0.lock
36 silly lockFile bbc8d2ec-multer-0-1-8 multer@^0.1.8
37 verbose lock multer@^0.1.8 /Users/leander/.npm/bbc8d2ec-multer-0-1-8.lock
38 silly lockFile 8027cde7-session-file-store-0-0-13 session-file-store@0.0.13
39 verbose lock session-file-store@0.0.13 /Users/leander/.npm/8027cde7-session-file-store-0-0-13.lock
40 verbose cache add name="body-parser" spec="~1.13.0" args=["body-parser","~1.13.0"]
41 verbose parsed url { protocol: null,
41 verbose parsed url   slashes: null,
41 verbose parsed url   auth: null,
41 verbose parsed url   host: null,
41 verbose parsed url   port: null,
41 verbose parsed url   hostname: null,
41 verbose parsed url   hash: null,
41 verbose parsed url   search: null,
41 verbose parsed url   query: null,
41 verbose parsed url   pathname: '~1.13.0',
41 verbose parsed url   path: '~1.13.0',
41 verbose parsed url   href: '~1.13.0' }
42 verbose addNamed [ 'body-parser', '~1.13.0' ]
43 verbose addNamed [ null, '>=1.13.0-0 <1.14.0-0' ]
44 silly lockFile 0e7cce47-body-parser-1-13-0 body-parser@~1.13.0
45 verbose lock body-parser@~1.13.0 /Users/leander/.npm/0e7cce47-body-parser-1-13-0.lock
46 verbose cache add [ 'ejs@~2.3.1', null ]
47 verbose cache add name=undefined spec="ejs@~2.3.1" args=["ejs@~2.3.1",null]
48 verbose parsed url { protocol: null,
48 verbose parsed url   slashes: null,
48 verbose parsed url   auth: null,
48 verbose parsed url   host: null,
48 verbose parsed url   port: null,
48 verbose parsed url   hostname: null,
48 verbose parsed url   hash: null,
48 verbose parsed url   search: null,
48 verbose parsed url   query: null,
48 verbose parsed url   pathname: 'ejs@~2.3.1',
48 verbose parsed url   path: 'ejs@~2.3.1',
48 verbose parsed url   href: 'ejs@~2.3.1' }
49 verbose cache add [ 'express@~4.12.4', null ]
50 verbose cache add name=undefined spec="express@~4.12.4" args=["express@~4.12.4",null]
51 verbose parsed url { protocol: null,
51 verbose parsed url   slashes: null,
51 verbose parsed url   auth: null,
51 verbose parsed url   host: null,
51 verbose parsed url   port: null,
51 verbose parsed url   hostname: null,
51 verbose parsed url   hash: null,
51 verbose parsed url   search: null,
51 verbose parsed url   query: null,
51 verbose parsed url   pathname: 'express@~4.12.4',
51 verbose parsed url   path: 'express@~4.12.4',
51 verbose parsed url   href: 'express@~4.12.4' }
52 silly addNameRange { name: 'json-query',
52 silly addNameRange   range: '>=1.5.0-0 <2.0.0-0',
52 silly addNameRange   hasData: false }
53 verbose cache add name="ejs" spec="~2.3.1" args=["ejs","~2.3.1"]
54 verbose parsed url { protocol: null,
54 verbose parsed url   slashes: null,
54 verbose parsed url   auth: null,
54 verbose parsed url   host: null,
54 verbose parsed url   port: null,
54 verbose parsed url   hostname: null,
54 verbose parsed url   hash: null,
54 verbose parsed url   search: null,
54 verbose parsed url   query: null,
54 verbose parsed url   pathname: '~2.3.1',
54 verbose parsed url   path: '~2.3.1',
54 verbose parsed url   href: '~2.3.1' }
55 verbose addNamed [ 'ejs', '~2.3.1' ]
56 verbose addNamed [ null, '>=2.3.1-0 <2.4.0-0' ]
57 silly lockFile 35acc1b3-ejs-2-3-1 ejs@~2.3.1
58 verbose lock ejs@~2.3.1 /Users/leander/.npm/35acc1b3-ejs-2-3-1.lock
59 verbose cache add name="express" spec="~4.12.4" args=["express","~4.12.4"]
60 verbose parsed url { protocol: null,
60 verbose parsed url   slashes: null,
60 verbose parsed url   auth: null,
60 verbose parsed url   host: null,
60 verbose parsed url   port: null,
60 verbose parsed url   hostname: null,
60 verbose parsed url   hash: null,
60 verbose parsed url   search: null,
60 verbose parsed url   query: null,
60 verbose parsed url   pathname: '~4.12.4',
60 verbose parsed url   path: '~4.12.4',
60 verbose parsed url   href: '~4.12.4' }
61 verbose addNamed [ 'express', '~4.12.4' ]
62 verbose addNamed [ null, '>=4.12.4-0 <4.13.0-0' ]
63 silly lockFile 8d972283-express-4-12-4 express@~4.12.4
64 verbose lock express@~4.12.4 /Users/leander/.npm/8d972283-express-4-12-4.lock
65 silly addNameRange { name: 'multer', range: '>=0.1.8-0 <0.2.0-0', hasData: false }
66 silly addNameRange { name: 'body-parser',
66 silly addNameRange   range: '>=1.13.0-0 <1.14.0-0',
66 silly addNameRange   hasData: false }
67 silly addNameRange { name: 'ejs', range: '>=2.3.1-0 <2.4.0-0', hasData: false }
68 silly addNameRange { name: 'express',
68 silly addNameRange   range: '>=4.12.4-0 <4.13.0-0',
68 silly addNameRange   hasData: false }
69 verbose request where is /json-query
70 verbose request registry https://registry.npmjs.org/
71 verbose request id 4dd1b75b092b2d80
72 verbose url raw /json-query
73 verbose url resolving [ 'https://registry.npmjs.org/', './json-query' ]
74 verbose url resolved https://registry.npmjs.org/json-query
75 verbose request where is https://registry.npmjs.org/json-query
76 info trying registry request attempt 1 at 14:40:09
77 verbose etag "7NRIKEET0HJW8397H6QZB7VXI"
78 http GET https://registry.npmjs.org/json-query
79 verbose request where is /session-file-store
80 verbose request registry https://registry.npmjs.org/
81 verbose url raw /session-file-store
82 verbose url resolving [ 'https://registry.npmjs.org/', './session-file-store' ]
83 verbose url resolved https://registry.npmjs.org/session-file-store
84 verbose request where is https://registry.npmjs.org/session-file-store
85 info trying registry request attempt 1 at 14:40:09
86 verbose etag "1SHP13O0C0EHLCWLYC4NAS6WV"
87 http GET https://registry.npmjs.org/session-file-store
88 verbose request where is /body-parser
89 verbose request registry https://registry.npmjs.org/
90 verbose url raw /body-parser
91 verbose url resolving [ 'https://registry.npmjs.org/', './body-parser' ]
92 verbose url resolved https://registry.npmjs.org/body-parser
93 verbose request where is https://registry.npmjs.org/body-parser
94 info trying registry request attempt 1 at 14:40:09
95 verbose etag "2PN79QATHF7IXE64B0UKCZCJ1"
96 http GET https://registry.npmjs.org/body-parser
97 verbose request where is /multer
98 verbose request registry https://registry.npmjs.org/
99 verbose url raw /multer
100 verbose url resolving [ 'https://registry.npmjs.org/', './multer' ]
101 verbose url resolved https://registry.npmjs.org/multer
102 verbose request where is https://registry.npmjs.org/multer
103 info trying registry request attempt 1 at 14:40:09
104 verbose etag "7NBVSQR9BTDY2C5L5SE17BQNQ"
105 http GET https://registry.npmjs.org/multer
106 verbose request where is /ejs
107 verbose request registry https://registry.npmjs.org/
108 verbose url raw /ejs
109 verbose url resolving [ 'https://registry.npmjs.org/', './ejs' ]
110 verbose url resolved https://registry.npmjs.org/ejs
111 verbose request where is https://registry.npmjs.org/ejs
112 info trying registry request attempt 1 at 14:40:09
113 verbose etag "E7GTCFSOO16CWLF4BYYVHUTFA"
114 http GET https://registry.npmjs.org/ejs
115 verbose request where is /express
116 verbose request registry https://registry.npmjs.org/
117 verbose url raw /express
118 verbose url resolving [ 'https://registry.npmjs.org/', './express' ]
119 verbose url resolved https://registry.npmjs.org/express
120 verbose request where is https://registry.npmjs.org/express
121 info trying registry request attempt 1 at 14:40:10
122 verbose etag "1SVRAS9LQJ98Y6HKDT8HCN4A1"
123 http GET https://registry.npmjs.org/express
124 http 304 https://registry.npmjs.org/session-file-store
125 silly registry.get cb [ 304,
125 silly registry.get   { date: 'Tue, 16 Jun 2015 12:40:10 GMT',
125 silly registry.get     via: '1.1 varnish',
125 silly registry.get     'cache-control': 'max-age=60',
125 silly registry.get     etag: '"1SHP13O0C0EHLCWLYC4NAS6WV"',
125 silly registry.get     age: '20',
125 silly registry.get     connection: 'keep-alive',
125 silly registry.get     'x-served-by': 'cache-ams4134-AMS',
125 silly registry.get     'x-cache': 'HIT',
125 silly registry.get     'x-cache-hits': '1',
125 silly registry.get     'x-timer': 'S1434458410.345342,VS0,VE0',
125 silly registry.get     vary: 'Accept' } ]
126 verbose etag https://registry.npmjs.org/session-file-store from cache
127 http 304 https://registry.npmjs.org/multer
128 silly registry.get cb [ 304,
128 silly registry.get   { date: 'Tue, 16 Jun 2015 12:40:10 GMT',
128 silly registry.get     via: '1.1 varnish',
128 silly registry.get     'cache-control': 'max-age=60',
128 silly registry.get     etag: '"7NBVSQR9BTDY2C5L5SE17BQNQ"',
128 silly registry.get     age: '20',
128 silly registry.get     connection: 'keep-alive',
128 silly registry.get     'x-served-by': 'cache-ams4133-AMS',
128 silly registry.get     'x-cache': 'HIT',
128 silly registry.get     'x-cache-hits': '1',
128 silly registry.get     'x-timer': 'S1434458410.346606,VS0,VE0',
128 silly registry.get     vary: 'Accept' } ]
129 verbose etag https://registry.npmjs.org/multer from cache
130 http 304 https://registry.npmjs.org/body-parser
131 silly registry.get cb [ 304,
131 silly registry.get   { date: 'Tue, 16 Jun 2015 12:40:10 GMT',
131 silly registry.get     via: '1.1 varnish',
131 silly registry.get     'cache-control': 'max-age=60',
131 silly registry.get     etag: '"2PN79QATHF7IXE64B0UKCZCJ1"',
131 silly registry.get     age: '55',
131 silly registry.get     connection: 'keep-alive',
131 silly registry.get     'x-served-by': 'cache-ams4129-AMS',
131 silly registry.get     'x-cache': 'HIT',
131 silly registry.get     'x-cache-hits': '1',
131 silly registry.get     'x-timer': 'S1434458410.382626,VS0,VE0',
131 silly registry.get     vary: 'Accept' } ]
132 verbose etag https://registry.npmjs.org/body-parser from cache
133 http 304 https://registry.npmjs.org/ejs
134 silly registry.get cb [ 304,
134 silly registry.get   { date: 'Tue, 16 Jun 2015 12:40:10 GMT',
134 silly registry.get     via: '1.1 varnish',
134 silly registry.get     'cache-control': 'max-age=60',
134 silly registry.get     etag: '"E7GTCFSOO16CWLF4BYYVHUTFA"',
134 silly registry.get     age: '20',
134 silly registry.get     connection: 'keep-alive',
134 silly registry.get     'x-served-by': 'cache-ams4120-AMS',
134 silly registry.get     'x-cache': 'HIT',
134 silly registry.get     'x-cache-hits': '1',
134 silly registry.get     'x-timer': 'S1434458410.382556,VS0,VE0',
134 silly registry.get     vary: 'Accept' } ]
135 verbose etag https://registry.npmjs.org/ejs from cache
136 http 304 https://registry.npmjs.org/json-query
137 silly registry.get cb [ 304,
137 silly registry.get   { date: 'Tue, 16 Jun 2015 12:40:10 GMT',
137 silly registry.get     via: '1.1 varnish',
137 silly registry.get     'cache-control': 'max-age=60',
137 silly registry.get     etag: '"7NRIKEET0HJW8397H6QZB7VXI"',
137 silly registry.get     age: '20',
137 silly registry.get     connection: 'keep-alive',
137 silly registry.get     'x-served-by': 'cache-ams4128-AMS',
137 silly registry.get     'x-cache': 'HIT',
137 silly registry.get     'x-cache-hits': '1',
137 silly registry.get     'x-timer': 'S1434458410.384827,VS0,VE0',
137 silly registry.get     vary: 'Accept' } ]
138 verbose etag https://registry.npmjs.org/json-query from cache
139 http 304 https://registry.npmjs.org/express
140 silly registry.get cb [ 304,
140 silly registry.get   { date: 'Tue, 16 Jun 2015 12:40:10 GMT',
140 silly registry.get     via: '1.1 varnish',
140 silly registry.get     'cache-control': 'max-age=60',
140 silly registry.get     etag: '"1SVRAS9LQJ98Y6HKDT8HCN4A1"',
140 silly registry.get     age: '50',
140 silly registry.get     connection: 'keep-alive',
140 silly registry.get     'x-served-by': 'cache-ams4134-AMS',
140 silly registry.get     'x-cache': 'HIT',
140 silly registry.get     'x-cache-hits': '1',
140 silly registry.get     'x-timer': 'S1434458410.389505,VS0,VE3',
140 silly registry.get     vary: 'Accept' } ]
141 verbose etag https://registry.npmjs.org/express from cache
142 silly addNameRange number 2 { name: 'multer', range: '>=0.1.8-0 <0.2.0-0', hasData: true }
143 silly addNameRange versions [ 'multer',
143 silly addNameRange   [ '0.0.1',
143 silly addNameRange     '0.0.2',
143 silly addNameRange     '0.0.3',
143 silly addNameRange     '0.0.4',
143 silly addNameRange     '0.0.5',
143 silly addNameRange     '0.0.6',
143 silly addNameRange     '0.0.7',
143 silly addNameRange     '0.1.0',
143 silly addNameRange     '0.1.1',
143 silly addNameRange     '0.1.2',
143 silly addNameRange     '0.1.3',
143 silly addNameRange     '0.1.4',
143 silly addNameRange     '0.1.6',
143 silly addNameRange     '0.1.7',
143 silly addNameRange     '0.1.8' ] ]
144 verbose addNamed [ 'multer', '0.1.8' ]
145 verbose addNamed [ '0.1.8', '0.1.8' ]
146 silly lockFile ea8f2dd0-multer-0-1-8 multer@0.1.8
147 verbose lock multer@0.1.8 /Users/leander/.npm/ea8f2dd0-multer-0-1-8.lock
148 silly addNameRange number 2 { name: 'ejs', range: '>=2.3.1-0 <2.4.0-0', hasData: true }
149 silly addNameRange versions [ 'ejs',
149 silly addNameRange   [ '0.0.1',
149 silly addNameRange     '0.0.2',
149 silly addNameRange     '0.0.3',
149 silly addNameRange     '0.0.4',
149 silly addNameRange     '0.1.0',
149 silly addNameRange     '0.2.0',
149 silly addNameRange     '0.2.1',
149 silly addNameRange     '0.3.0',
149 silly addNameRange     '0.3.1',
149 silly addNameRange     '0.4.0',
149 silly addNameRange     '0.4.1',
149 silly addNameRange     '0.4.2',
149 silly addNameRange     '0.4.3',
149 silly addNameRange     '0.5.0',
149 silly addNameRange     '0.6.0',
149 silly addNameRange     '0.6.1',
149 silly addNameRange     '0.7.0',
149 silly addNameRange     '0.7.1',
149 silly addNameRange     '0.7.2',
149 silly addNameRange     '0.8.0',
149 silly addNameRange     '0.8.1',
149 silly addNameRange     '0.8.2',
149 silly addNameRange     '0.8.3',
149 silly addNameRange     '0.8.4',
149 silly addNameRange     '0.8.5',
149 silly addNameRange     '0.8.6',
149 silly addNameRange     '0.8.8',
149 silly addNameRange     '1.0.0',
149 silly addNameRange     '2.0.2',
149 silly addNameRange     '2.0.3',
149 silly addNameRange     '2.0.4',
149 silly addNameRange     '2.0.5',
149 silly addNameRange     '2.0.6',
149 silly addNameRange     '2.0.7',
149 silly addNameRange     '2.0.8',
149 silly addNameRange     '2.1.1',
149 silly addNameRange     '2.1.2',
149 silly addNameRange     '2.1.3',
149 silly addNameRange     '2.1.4',
149 silly addNameRange     '2.2.1',
149 silly addNameRange     '2.2.2',
149 silly addNameRange     '2.2.3',
149 silly addNameRange     '2.2.4',
149 silly addNameRange     '2.3.1' ] ]
150 verbose addNamed [ 'ejs', '2.3.1' ]
151 verbose addNamed [ '2.3.1', '2.3.1' ]
152 silly lockFile 823d5f08-ejs-2-3-1 ejs@2.3.1
153 verbose lock ejs@2.3.1 /Users/leander/.npm/823d5f08-ejs-2-3-1.lock
154 silly addNameRange number 2 { name: 'body-parser',
154 silly addNameRange   range: '>=1.13.0-0 <1.14.0-0',
154 silly addNameRange   hasData: true }
155 silly addNameRange versions [ 'body-parser',
155 silly addNameRange   [ '1.0.0',
155 silly addNameRange     '1.0.1',
155 silly addNameRange     '1.0.2',
155 silly addNameRange     '1.1.0',
155 silly addNameRange     '1.1.1',
155 silly addNameRange     '1.1.2',
155 silly addNameRange     '1.2.0',
155 silly addNameRange     '1.2.1',
155 silly addNameRange     '1.2.2',
155 silly addNameRange     '1.3.0',
155 silly addNameRange     '1.3.1',
155 silly addNameRange     '1.4.0',
155 silly addNameRange     '1.4.1',
155 silly addNameRange     '1.4.2',
155 silly addNameRange     '1.4.3',
155 silly addNameRange     '1.5.0',
155 silly addNameRange     '1.5.1',
155 silly addNameRange     '1.5.2',
155 silly addNameRange     '1.6.0',
155 silly addNameRange     '1.6.1',
155 silly addNameRange     '1.6.2',
155 silly addNameRange     '1.6.3',
155 silly addNameRange     '1.6.4',
155 silly addNameRange     '1.6.5',
155 silly addNameRange     '1.6.6',
155 silly addNameRange     '1.6.7',
155 silly addNameRange     '1.7.0',
155 silly addNameRange     '1.8.0',
155 silly addNameRange     '1.8.1',
155 silly addNameRange     '1.8.2',
155 silly addNameRange     '1.8.3',
155 silly addNameRange     '1.8.4',
155 silly addNameRange     '1.9.0',
155 silly addNameRange     '1.9.1',
155 silly addNameRange     '1.9.2',
155 silly addNameRange     '1.9.3',
155 silly addNameRange     '1.10.0',
155 silly addNameRange     '1.10.1',
155 silly addNameRange     '1.10.2',
155 silly addNameRange     '1.11.0',
155 silly addNameRange     '1.12.0',
155 silly addNameRange     '1.12.1',
155 silly addNameRange     '1.12.2',
155 silly addNameRange     '1.12.3',
155 silly addNameRange     '1.12.4',
155 silly addNameRange     '1.13.0' ] ]
156 verbose addNamed [ 'body-parser', '1.13.0' ]
157 verbose addNamed [ '1.13.0', '1.13.0' ]
158 silly lockFile 44481822-body-parser-1-13-0 body-parser@1.13.0
159 verbose lock body-parser@1.13.0 /Users/leander/.npm/44481822-body-parser-1-13-0.lock
160 silly addNameRange number 2 { name: 'json-query',
160 silly addNameRange   range: '>=1.5.0-0 <2.0.0-0',
160 silly addNameRange   hasData: true }
161 silly addNameRange versions [ 'json-query',
161 silly addNameRange   [ '0.0.0',
161 silly addNameRange     '0.1.0',
161 silly addNameRange     '0.1.1',
161 silly addNameRange     '0.1.2',
161 silly addNameRange     '0.2.0',
161 silly addNameRange     '0.2.1',
161 silly addNameRange     '0.3.0',
161 silly addNameRange     '0.3.1',
161 silly addNameRange     '0.3.2',
161 silly addNameRange     '0.3.3',
161 silly addNameRange     '0.4.0',
161 silly addNameRange     '0.5.0',
161 silly addNameRange     '0.6.0',
161 silly addNameRange     '1.0.0',
161 silly addNameRange     '1.1.0',
161 silly addNameRange     '1.2.0',
161 silly addNameRange     '1.3.0',
161 silly addNameRange     '1.3.1',
161 silly addNameRange     '1.4.0',
161 silly addNameRange     '1.5.0' ] ]
162 verbose addNamed [ 'json-query', '1.5.0' ]
163 verbose addNamed [ '1.5.0', '1.5.0' ]
164 silly lockFile 599bca94-json-query-1-5-0 json-query@1.5.0
165 verbose lock json-query@1.5.0 /Users/leander/.npm/599bca94-json-query-1-5-0.lock
166 silly lockFile e7a5442b-re-session-file-store-0-0-13-tgz https://registry.npmjs.org/session-file-store/-/session-file-store-0.0.13.tgz
167 verbose lock https://registry.npmjs.org/session-file-store/-/session-file-store-0.0.13.tgz /Users/leander/.npm/e7a5442b-re-session-file-store-0-0-13-tgz.lock
168 silly lockFile f5dbddfd-stry-npmjs-org-ejs-ejs-2-3-1-tgz https://registry.npmjs.org/ejs/-/ejs-2.3.1.tgz
169 verbose lock https://registry.npmjs.org/ejs/-/ejs-2.3.1.tgz /Users/leander/.npm/f5dbddfd-stry-npmjs-org-ejs-ejs-2-3-1-tgz.lock
170 silly lockFile f4c2d91b-dy-parser-body-parser-1-13-0-tgz https://registry.npmjs.org/body-parser/-/body-parser-1.13.0.tgz
171 verbose lock https://registry.npmjs.org/body-parser/-/body-parser-1.13.0.tgz /Users/leander/.npm/f4c2d91b-dy-parser-body-parser-1-13-0-tgz.lock
172 silly lockFile 12114c4d--json-query-json-query-1-5-0-tgz https://registry.npmjs.org/json-query/-/json-query-1.5.0.tgz
173 verbose lock https://registry.npmjs.org/json-query/-/json-query-1.5.0.tgz /Users/leander/.npm/12114c4d--json-query-json-query-1-5-0-tgz.lock
174 silly lockFile cf17812c-pmjs-org-multer-multer-0-1-8-tgz https://registry.npmjs.org/multer/-/multer-0.1.8.tgz
175 verbose lock https://registry.npmjs.org/multer/-/multer-0.1.8.tgz /Users/leander/.npm/cf17812c-pmjs-org-multer-multer-0-1-8-tgz.lock
176 verbose addRemoteTarball [ 'https://registry.npmjs.org/session-file-store/-/session-file-store-0.0.13.tgz',
176 verbose addRemoteTarball   'd97f567dfc177e3c636070598bb41efd82987901' ]
177 verbose addRemoteTarball [ 'https://registry.npmjs.org/ejs/-/ejs-2.3.1.tgz',
177 verbose addRemoteTarball   'a697d98ac401e32a99c3deed92c60c19b6199a7f' ]
178 silly addNameRange number 2 { name: 'express', range: '>=4.12.4-0 <4.13.0-0', hasData: true }
179 silly addNameRange versions [ 'express',
179 silly addNameRange   [ '0.14.0',
179 silly addNameRange     '0.14.1',
179 silly addNameRange     '1.0.0',
179 silly addNameRange     '1.0.1',
179 silly addNameRange     '1.0.2',
179 silly addNameRange     '1.0.3',
179 silly addNameRange     '1.0.4',
179 silly addNameRange     '1.0.5',
179 silly addNameRange     '1.0.6',
179 silly addNameRange     '1.0.7',
179 silly addNameRange     '1.0.8',
179 silly addNameRange     '2.0.0',
179 silly addNameRange     '2.1.0',
179 silly addNameRange     '2.1.1',
179 silly addNameRange     '2.2.0',
179 silly addNameRange     '2.2.1',
179 silly addNameRange     '2.2.2',
179 silly addNameRange     '2.3.0',
179 silly addNameRange     '2.3.1',
179 silly addNameRange     '2.3.2',
179 silly addNameRange     '2.3.3',
179 silly addNameRange     '2.3.4',
179 silly addNameRange     '2.3.5',
179 silly addNameRange     '2.3.6',
179 silly addNameRange     '2.3.7',
179 silly addNameRange     '2.3.8',
179 silly addNameRange     '2.3.9',
179 silly addNameRange     '2.3.10',
179 silly addNameRange     '2.3.11',
179 silly addNameRange     '2.3.12',
179 silly addNameRange     '2.4.0',
179 silly addNameRange     '2.4.1',
179 silly addNameRange     '2.4.2',
179 silly addNameRange     '2.4.3',
179 silly addNameRange     '2.4.4',
179 silly addNameRange     '2.4.5',
179 silly addNameRange     '2.4.6',
179 silly addNameRange     '2.4.7',
179 silly addNameRange     '2.5.0',
179 silly addNameRange     '2.5.1',
179 silly addNameRange     '2.5.2',
179 silly addNameRange     '2.5.3',
179 silly addNameRange     '2.5.4',
179 silly addNameRange     '2.5.5',
179 silly addNameRange     '2.5.6',
179 silly addNameRange     '2.5.7',
179 silly addNameRange     '2.5.8',
179 silly addNameRange     '2.5.9',
179 silly addNameRange     '2.5.10',
179 silly addNameRange     '2.5.11',
179 silly addNameRange     '3.0.0',
179 silly addNameRange     '3.0.1',
179 silly addNameRange     '3.0.2',
179 silly addNameRange     '3.0.3',
179 silly addNameRange     '3.0.4',
179 silly addNameRange     '3.0.5',
179 silly addNameRange     '3.0.6',
179 silly addNameRange     '3.1.0',
179 silly addNameRange     '3.1.1',
179 silly addNameRange     '3.1.2',
179 silly addNameRange     '3.2.0',
179 silly addNameRange     '3.2.1',
179 silly addNameRange     '3.2.2',
179 silly addNameRange     '3.2.3',
179 silly addNameRange     '3.2.4',
179 silly addNameRange     '3.2.5',
179 silly addNameRange     '3.2.6',
179 silly addNameRange     '3.3.0',
179 silly addNameRange     '3.3.1',
179 silly addNameRange     '3.3.2',
179 silly addNameRange     '3.3.3',
179 silly addNameRange     '3.3.4',
179 silly addNameRange     '3.3.5',
179 silly addNameRange     '3.3.6',
179 silly addNameRange     '1.0.0-beta',
179 silly addNameRange     '1.0.0-beta2',
179 silly addNameRange     '1.0.0-rc',
179 silly addNameRange     '1.0.0-rc2',
179 silly addNameRange     '1.0.0-rc3',
179 silly addNameRange     '1.0.0-rc4',
179 silly addNameRange     '2.0.0-beta',
179 silly addNameRange     '2.0.0-beta2',
179 silly addNameRange     '2.0.0-beta3',
179 silly addNameRange     '2.0.0-rc',
179 silly addNameRange     '2.0.0-rc2',
179 silly addNameRange     '2.0.0-rc3',
179 silly addNameRange     '3.0.0-alpha1',
179 silly addNameRange     '3.0.0-alpha2',
179 silly addNameRange     '3.0.0-alpha3',
179 silly addNameRange     '3.0.0-alpha4',
179 silly addNameRange     '3.0.0-alpha5',
179 silly addNameRange     '3.0.0-beta1',
179 silly addNameRange     '3.0.0-beta2',
179 silly addNameRange     '3.0.0-beta3',
179 silly addNameRange     '3.0.0-beta4',
179 silly addNameRange     '3.0.0-beta6',
179 silly addNameRange     '3.0.0-beta7',
179 silly addNameRange     '3.0.0-rc1',
179 silly addNameRange     '3.0.0-rc2',
179 silly addNameRange     '3.0.0-rc3',
179 silly addNameRange     '3.0.0-rc4',
179 silly addNameRange     '3.0.0-rc5',
179 silly addNameRange     '3.3.7',
179 silly addNameRange     '3.3.8',
179 silly addNameRange     '3.4.0',
179 silly addNameRange     '3.4.1',
179 silly addNameRange     '3.4.2',
179 silly addNameRange     '3.4.3',
179 silly addNameRange     '3.4.4',
179 silly addNameRange     '3.4.5',
179 silly addNameRange     '3.4.6',
179 silly addNameRange     '3.4.7',
179 silly addNameRange     '3.4.8',
179 silly addNameRange     '4.0.0-rc1',
179 silly addNameRange     '4.0.0-rc2',
179 silly addNameRange     '3.5.0',
179 silly addNameRange     '4.0.0-rc3',
179 silly addNameRange     '4.0.0-rc4',
179 silly addNameRange     '3.5.1',
179 silly addNameRange     '4.0.0',
179 silly addNameRange     '3.5.2',
179 silly addNameRange     '4.1.0',
179 silly addNameRange     '4.1.1',
179 silly addNameRange     '3.5.3',
179 silly addNameRange     '4.1.2',
179 silly addNameRange     '3.6.0',
179 silly addNameRange     '4.2.0',
179 silly addNameRange     '3.7.0',
179 silly addNameRange     '3.8.0',
179 silly addNameRange     '4.3.0',
179 silly addNameRange     '4.3.1',
179 silly addNameRange     '3.8.1',
179 silly addNameRange     '4.3.2',
179 silly addNameRange     '3.9.0',
179 silly addNameRange     '4.4.0',
179 silly addNameRange     '4.4.1',
179 silly addNameRange     '3.10.0',
179 silly addNameRange     '3.10.1',
179 silly addNameRange     '3.10.2',
179 silly addNameRange     '3.10.3',
179 silly addNameRange     '3.10.4',
179 silly addNameRange     '4.4.2',
179 silly addNameRange     '3.10.5',
179 silly addNameRange     '4.4.3',
179 silly addNameRange     '3.11.0',
179 silly addNameRange     '4.4.4',
179 silly addNameRange     '3.12.0',
179 silly addNameRange     '3.12.1',
179 silly addNameRange     '4.4.5',
179 silly addNameRange     '3.13.0',
179 silly addNameRange     '4.5.0',
179 silly addNameRange     '4.5.1',
179 silly addNameRange     '3.14.0',
179 silly addNameRange     '4.6.0',
179 silly addNameRange     '4.6.1',
179 silly addNameRange     '3.15.0',
179 silly addNameRange     '4.7.0',
179 silly addNameRange     '3.15.1',
179 silly addNameRange     '4.7.1',
179 silly addNameRange     '3.15.2',
179 silly addNameRange     '4.7.2',
179 silly addNameRange     '4.7.3',
179 silly addNameRange     '3.15.3',
179 silly addNameRange     '4.7.4',
179 silly addNameRange     '3.16.0',
179 silly addNameRange     '4.8.0',
179 silly addNameRange     '3.16.1',
179 silly addNameRange     '4.8.1',
179 silly addNameRange     '3.16.2',
179 silly addNameRange     '4.8.2',
179 silly addNameRange     '3.16.3',
179 silly addNameRange     '3.16.4',
179 silly addNameRange     '4.8.3',
179 silly addNameRange     '3.16.5',
179 silly addNameRange     '3.16.6',
179 silly addNameRange     '4.8.4',
179 silly addNameRange     '3.16.7',
179 silly addNameRange     '4.8.5',
179 silly addNameRange     '3.16.8',
179 silly addNameRange     '4.8.6',
179 silly addNameRange     '3.16.9',
179 silly addNameRange     '4.8.7',
179 silly addNameRange     '3.16.10',
179 silly addNameRange     '4.8.8',
179 silly addNameRange     '3.17.0',
179 silly addNameRange     '3.17.1',
179 silly addNameRange     '4.9.0',
179 silly addNameRange     '3.17.2',
179 silly addNameRange     '4.9.1',
179 silly addNameRange     '4.9.2',
179 silly addNameRange     '3.17.3',
179 silly addNameRange     '4.9.3',
179 silly addNameRange     '3.17.4',
179 silly addNameRange     '4.9.4',
179 silly addNameRange     '3.17.5',
179 silly addNameRange     '4.9.5',
179 silly addNameRange     '3.17.6',
179 silly addNameRange     '3.17.7',
179 silly addNameRange     '4.9.6',
179 silly addNameRange     '4.9.7',
179 silly addNameRange     '3.17.8',
179 silly addNameRange     '4.9.8',
179 silly addNameRange     '3.18.0',
179 silly addNameRange     '3.18.1',
179 silly addNameRange     '4.10.0',
179 silly addNameRange     '3.18.2',
179 silly addNameRange     '4.10.1',
179 silly addNameRange     '5.0.0-alpha.1',
179 silly addNameRange     '3.18.3',
179 silly addNameRange     '4.10.2',
179 silly addNameRange     '3.18.4',
179 silly addNameRange     '4.10.3',
179 silly addNameRange     '4.10.4',
179 silly addNameRange     '4.10.5',
179 silly addNameRange     '3.18.5',
179 silly addNameRange     '3.18.6',
179 silly addNameRange     '4.10.6',
179 silly addNameRange     '4.10.7',
179 silly addNameRange     '3.19.0',
179 silly addNameRange     '4.10.8',
179 silly addNameRange     '4.11.0',
179 silly addNameRange     '3.19.1',
179 silly addNameRange     '4.11.1',
179 silly addNameRange     '3.19.2',
179 silly addNameRange     '4.11.2',
179 silly addNameRange     '3.20.0',
179 silly addNameRange     '4.12.0',
179 silly addNameRange     '3.20.1',
179 silly addNameRange     '4.12.1',
179 silly addNameRange     '4.12.2',
179 silly addNameRange     '3.20.2',
179 silly addNameRange     '4.12.3',
179 silly addNameRange     '3.20.3',
179 silly addNameRange     '4.12.4' ] ]
180 verbose addNamed [ 'express', '4.12.4' ]
181 verbose addNamed [ '4.12.4', '4.12.4' ]
182 silly lockFile 3b813118-express-4-12-4 express@4.12.4
183 verbose lock express@4.12.4 /Users/leander/.npm/3b813118-express-4-12-4.lock
184 verbose addRemoteTarball [ 'https://registry.npmjs.org/body-parser/-/body-parser-1.13.0.tgz',
184 verbose addRemoteTarball   'b6dca73da8c4a9f68b0e64d29acac39dd3ad9a9e' ]
185 verbose addRemoteTarball [ 'https://registry.npmjs.org/json-query/-/json-query-1.5.0.tgz',
185 verbose addRemoteTarball   'ad19be06636e38ea363b7198660df8ee7bd47bde' ]
186 verbose addRemoteTarball [ 'https://registry.npmjs.org/multer/-/multer-0.1.8.tgz',
186 verbose addRemoteTarball   '551b8a6015093701bcacc964916b1ae06578f37b' ]
187 info retry fetch attempt 1 at 14:40:10
188 verbose fetch to= /var/folders/b6/3r10zvld0xb3w0n5_548dcnm0000gn/T/npm-26818-SIrO0vb2/registry.npmjs.org/json-query/-/json-query-1.5.0.tgz
189 info retry fetch attempt 1 at 14:40:10
190 verbose fetch to= /var/folders/b6/3r10zvld0xb3w0n5_548dcnm0000gn/T/npm-26818-SIrO0vb2/registry.npmjs.org/multer/-/multer-0.1.8.tgz
191 info retry fetch attempt 1 at 14:40:10
192 verbose fetch to= /var/folders/b6/3r10zvld0xb3w0n5_548dcnm0000gn/T/npm-26818-SIrO0vb2/registry.npmjs.org/ejs/-/ejs-2.3.1.tgz
193 http GET https://registry.npmjs.org/json-query/-/json-query-1.5.0.tgz
194 info retry fetch attempt 1 at 14:40:10
195 verbose fetch to= /var/folders/b6/3r10zvld0xb3w0n5_548dcnm0000gn/T/npm-26818-SIrO0vb2/registry.npmjs.org/session-file-store/-/session-file-store-0.0.13.tgz
196 http GET https://registry.npmjs.org/multer/-/multer-0.1.8.tgz
197 http GET https://registry.npmjs.org/ejs/-/ejs-2.3.1.tgz
198 silly lockFile 018f992a-s-org-express-express-4-12-4-tgz https://registry.npmjs.org/express/-/express-4.12.4.tgz
199 verbose lock https://registry.npmjs.org/express/-/express-4.12.4.tgz /Users/leander/.npm/018f992a-s-org-express-express-4-12-4-tgz.lock
200 info retry fetch attempt 1 at 14:40:10
201 verbose fetch to= /var/folders/b6/3r10zvld0xb3w0n5_548dcnm0000gn/T/npm-26818-SIrO0vb2/registry.npmjs.org/body-parser/-/body-parser-1.13.0.tgz
202 http GET https://registry.npmjs.org/session-file-store/-/session-file-store-0.0.13.tgz
203 http GET https://registry.npmjs.org/body-parser/-/body-parser-1.13.0.tgz
204 verbose addRemoteTarball [ 'https://registry.npmjs.org/express/-/express-4.12.4.tgz',
204 verbose addRemoteTarball   '8fec2510255bc6b2e58107c48239c0fa307c1aa2' ]
205 info retry fetch attempt 1 at 14:40:10
206 verbose fetch to= /var/folders/b6/3r10zvld0xb3w0n5_548dcnm0000gn/T/npm-26818-SIrO0vb2/registry.npmjs.org/express/-/express-4.12.4.tgz
207 http GET https://registry.npmjs.org/express/-/express-4.12.4.tgz
208 http 200 https://registry.npmjs.org/multer/-/multer-0.1.8.tgz
209 http 200 https://registry.npmjs.org/json-query/-/json-query-1.5.0.tgz
210 http 200 https://registry.npmjs.org/body-parser/-/body-parser-1.13.0.tgz
211 http 200 https://registry.npmjs.org/session-file-store/-/session-file-store-0.0.13.tgz
212 http 200 https://registry.npmjs.org/ejs/-/ejs-2.3.1.tgz
213 http 200 https://registry.npmjs.org/express/-/express-4.12.4.tgz
214 silly lockFile e7a5442b-re-session-file-store-0-0-13-tgz https://registry.npmjs.org/session-file-store/-/session-file-store-0.0.13.tgz
215 silly lockFile e7a5442b-re-session-file-store-0-0-13-tgz https://registry.npmjs.org/session-file-store/-/session-file-store-0.0.13.tgz
216 silly lockFile 8027cde7-session-file-store-0-0-13 session-file-store@0.0.13
217 silly lockFile 8027cde7-session-file-store-0-0-13 session-file-store@0.0.13
218 silly lockFile cf17812c-pmjs-org-multer-multer-0-1-8-tgz https://registry.npmjs.org/multer/-/multer-0.1.8.tgz
219 silly lockFile cf17812c-pmjs-org-multer-multer-0-1-8-tgz https://registry.npmjs.org/multer/-/multer-0.1.8.tgz
220 silly lockFile 12114c4d--json-query-json-query-1-5-0-tgz https://registry.npmjs.org/json-query/-/json-query-1.5.0.tgz
221 silly lockFile 12114c4d--json-query-json-query-1-5-0-tgz https://registry.npmjs.org/json-query/-/json-query-1.5.0.tgz
222 silly lockFile f4c2d91b-dy-parser-body-parser-1-13-0-tgz https://registry.npmjs.org/body-parser/-/body-parser-1.13.0.tgz
223 silly lockFile f4c2d91b-dy-parser-body-parser-1-13-0-tgz https://registry.npmjs.org/body-parser/-/body-parser-1.13.0.tgz
224 silly lockFile ea8f2dd0-multer-0-1-8 multer@0.1.8
225 silly lockFile ea8f2dd0-multer-0-1-8 multer@0.1.8
226 silly lockFile 599bca94-json-query-1-5-0 json-query@1.5.0
227 silly lockFile 599bca94-json-query-1-5-0 json-query@1.5.0
228 silly lockFile 018f992a-s-org-express-express-4-12-4-tgz https://registry.npmjs.org/express/-/express-4.12.4.tgz
229 silly lockFile 018f992a-s-org-express-express-4-12-4-tgz https://registry.npmjs.org/express/-/express-4.12.4.tgz
230 silly lockFile 44481822-body-parser-1-13-0 body-parser@1.13.0
231 silly lockFile 44481822-body-parser-1-13-0 body-parser@1.13.0
232 silly lockFile 4aab77c3-json-query-1-5-0 json-query@^1.5.0
233 silly lockFile 4aab77c3-json-query-1-5-0 json-query@^1.5.0
234 silly lockFile f5dbddfd-stry-npmjs-org-ejs-ejs-2-3-1-tgz https://registry.npmjs.org/ejs/-/ejs-2.3.1.tgz
235 silly lockFile f5dbddfd-stry-npmjs-org-ejs-ejs-2-3-1-tgz https://registry.npmjs.org/ejs/-/ejs-2.3.1.tgz
236 silly lockFile bbc8d2ec-multer-0-1-8 multer@^0.1.8
237 silly lockFile bbc8d2ec-multer-0-1-8 multer@^0.1.8
238 silly lockFile 0e7cce47-body-parser-1-13-0 body-parser@~1.13.0
239 silly lockFile 0e7cce47-body-parser-1-13-0 body-parser@~1.13.0
240 silly lockFile 3b813118-express-4-12-4 express@4.12.4
241 silly lockFile 3b813118-express-4-12-4 express@4.12.4
242 silly lockFile 823d5f08-ejs-2-3-1 ejs@2.3.1
243 silly lockFile 823d5f08-ejs-2-3-1 ejs@2.3.1
244 silly lockFile 8d972283-express-4-12-4 express@~4.12.4
245 silly lockFile 8d972283-express-4-12-4 express@~4.12.4
246 silly lockFile 35acc1b3-ejs-2-3-1 ejs@~2.3.1
247 silly lockFile 35acc1b3-ejs-2-3-1 ejs@~2.3.1
248 error Error: EACCES, mkdir '/Users/leander/.npm/session-file-store/0.0.13'
248 error  { [Error: EACCES, mkdir '/Users/leander/.npm/session-file-store/0.0.13']
248 error   errno: 3,
248 error   code: 'EACCES',
248 error   path: '/Users/leander/.npm/session-file-store/0.0.13',
248 error   parent: 'Leander\'s-portfolio' }
249 error Please try running this command again as root/Administrator.
250 error System Darwin 14.4.0
251 error command "node" "/usr/local/bin/npm" "install"
252 error cwd /Users/leander/Google Drive/2 Verdieping 1/4 Korte Stage/Taartenwinkel.nl/Online Offerte/Online Offerte Website N 0.4
253 error node -v v0.10.33
254 error npm -v 1.4.28
255 error path /Users/leander/.npm/session-file-store/0.0.13
256 error code EACCES
257 error errno 3
258 error stack Error: EACCES, mkdir '/Users/leander/.npm/session-file-store/0.0.13'
259 verbose exit [ 3, true ]
